<?xml version="1.0" encoding="UTF-8"?>
<testsuite name="org.example.ordersystempractice.service.OrderServiceTest" tests="1" skipped="0" failures="0" errors="0" timestamp="2025-01-06T02:25:14" hostname="jeongdong-giui-MacBookPro.local" time="0.907">
  <properties/>
  <testcase name="구매 수량이 재고 수량보다 적을 때, 정상 주문이 가능하다." classname="org.example.ordersystempractice.service.OrderServiceTest" time="0.907"/>
  <system-out><![CDATA[]]></system-out>
  <system-err><![CDATA[]]></system-err>
</testsuite>
